<?xml version="1.0" encoding="UTF-8"?>
<testsuite name="Tests" tests="2" skipped="0" failures="0" errors="0" timestamp="2020-09-06T14:31:52" hostname="DESKTOP-UI5KERO" time="0.005">
  <properties/>
  <testcase name="testSolution" classname="Tests" time="0.004"/>
  <testcase name="testSolution2" classname="Tests" time="0.001"/>
  <system-out><![CDATA[]]></system-out>
  <system-err><![CDATA[]]></system-err>
</testsuite>
