<?xml version="1.0" encoding="UTF-8"?>
<testsuite name="Tests" tests="4" skipped="0" failures="0" errors="0" timestamp="2020-09-06T16:11:05" hostname="DESKTOP-UI5KERO" time="0.006">
  <properties/>
  <testcase name="testSolution" classname="Tests" time="0.005"/>
  <testcase name="testSolution2" classname="Tests" time="0.0"/>
  <testcase name="testSolution3" classname="Tests" time="0.001"/>
  <testcase name="testSolution4" classname="Tests" time="0.0"/>
  <system-out><![CDATA[]]></system-out>
  <system-err><![CDATA[]]></system-err>
</testsuite>
